<?xml version="1.0" encoding="UTF-8"?>
<!-- Generated by org.testng.reporters.JUnitXMLReporter -->
<testsuite hostname="DESKTOP-S3PC6P3" ignored="0" name="Test" tests="4" failures="0" timestamp="2021-07-27T18:09:40 CDT" time="0.035" errors="0">
  <testcase name="test3" time="0.004" classname="SeleniumAutomation.MavenFramework.SeleniumTest2"/>
  <testcase name="test4" time="0.0" classname="SeleniumAutomation.MavenFramework.SeleniumTest2"/>
  <testcase name="test1" time="0.0" classname="SeleniumAutomation.MavenFramework.SeleniumTest"/>
  <testcase name="test2" time="0.0" classname="SeleniumAutomation.MavenFramework.SeleniumTest"/>
</testsuite> <!-- Test -->
