<?xml version="1.0" encoding="UTF-8"?>
<testng-results skipped="0" failed="0" ignored="0" total="4" passed="4">
  <reporter-output>
  </reporter-output>
  <suite name="Suite" duration-ms="35" started-at="2021-07-27T18:09:40 CDT" finished-at="2021-07-27T18:09:40 CDT">
    <groups>
    </groups>
    <test name="Test" duration-ms="35" started-at="2021-07-27T18:09:40 CDT" finished-at="2021-07-27T18:09:40 CDT">
      <class name="SeleniumAutomation.MavenFramework.SeleniumTest">
        <test-method status="PASS" signature="test1()[pri:0, instance:SeleniumAutomation.MavenFramework.SeleniumTest@6b09bb57]" name="test1" duration-ms="0" started-at="2021-07-27T18:09:40 CDT" finished-at="2021-07-27T18:09:40 CDT">
          <reporter-output>
          </reporter-output>
        </test-method> <!-- test1 -->
        <test-method status="PASS" signature="test2()[pri:0, instance:SeleniumAutomation.MavenFramework.SeleniumTest@6b09bb57]" name="test2" duration-ms="0" started-at="2021-07-27T18:09:40 CDT" finished-at="2021-07-27T18:09:40 CDT">
          <reporter-output>
          </reporter-output>
        </test-method> <!-- test2 -->
      </class> <!-- SeleniumAutomation.MavenFramework.SeleniumTest -->
      <class name="SeleniumAutomation.MavenFramework.SeleniumTest2">
        <test-method status="PASS" signature="test3()[pri:0, instance:SeleniumAutomation.MavenFramework.SeleniumTest2@20398b7c]" name="test3" duration-ms="4" started-at="2021-07-27T18:09:40 CDT" finished-at="2021-07-27T18:09:40 CDT">
          <reporter-output>
          </reporter-output>
        </test-method> <!-- test3 -->
        <test-method status="PASS" signature="test4()[pri:0, instance:SeleniumAutomation.MavenFramework.SeleniumTest2@20398b7c]" name="test4" duration-ms="0" started-at="2021-07-27T18:09:40 CDT" finished-at="2021-07-27T18:09:40 CDT">
          <reporter-output>
          </reporter-output>
        </test-method> <!-- test4 -->
      </class> <!-- SeleniumAutomation.MavenFramework.SeleniumTest2 -->
    </test> <!-- Test -->
  </suite> <!-- Suite -->
</testng-results>
