<?xml version="1.0" encoding="UTF-8"?>
<testsuite xmlns:xsi="http://www.w3.org/2001/XMLSchema-instance" xsi:noNamespaceSchemaLocation="https://maven.apache.org/surefire/maven-surefire-plugin/xsd/surefire-test-report-3.0.xsd" version="3.0" name="TestSuite" time="0.455" tests="4" errors="0" skipped="0" failures="0">
  <properties>
[...]
</properties>
  <testcase name="test3" classname="SeleniumAutomation.MavenFramework.SeleniumTest2" time="0.004">
    <system-out><![CDATA[Demo3
]]></system-out>
  </testcase>
  <testcase name="test4" classname="SeleniumAutomation.MavenFramework.SeleniumTest2" time="0.001">
    <system-out><![CDATA[Demo4
]]></system-out>
  </testcase>
  <testcase name="test1" classname="SeleniumAutomation.MavenFramework.SeleniumTest" time="0">
    <system-out><![CDATA[Demo1
]]></system-out>
  </testcase>
  <testcase name="test2" classname="SeleniumAutomation.MavenFramework.SeleniumTest" time="0">
    <system-out><![CDATA[Demo2
]]></system-out>
  </testcase>
</testsuite>